# JRE version: OpenJDK Runtime Environment (21.0.10) (build 21.0.10+-14961533-b1163.108)
# Java VM: OpenJDK 64-Bit Server VM (21.0.10+-14961533-b1163.108, mixed mode, tiered, compressed oops, compressed class ptrs, parallel gc, windows-amd64)
GC Precious Log:
 CardTable entry size: 512
 CPUs: 24 total, 24 available
 Memory: 8033M
 Large Page Support: Disabled
 NUMA Support: Disabled
 Compressed Oops: Enabled (Zero based)
 Alignments: Space 512K, Generation 512K, Heap 2M
 Heap Min Capacity: 8M
 Heap Initial Capacity: 126M
 Heap Max Capacity: 6G
 Pre-touch: Disabled
 Parallel Workers: 18
Heap:
 PSYoungGen      total 1235456K, used 522289K [0x0000000780000000, 0x00000007d2300000, 0x0000000800000000)
  eden space 1148928K, 45% used [0x0000000780000000,0x000000079fe0c5f8,0x00000007c6200000)
  from space 86528K, 0% used [0x00000007cbe80000,0x00000007cbe80000,0x00000007d1300000)
  to   space 94720K, 0% used [0x00000007c6200000,0x00000007c6200000,0x00000007cbe80000)
 ParOldGen       total 324096K, used 308379K [0x0000000680000000, 0x0000000693c80000, 0x0000000780000000)
  object space 324096K, 95% used [0x0000000680000000,0x0000000692d26f48,0x0000000693c80000)
 Metaspace       used 309334K, committed 312384K, reserved 1179648K
  class space    used 41409K, committed 42944K, reserved 851968K
GC Heap History (20 events):
Event: 410.340 GC heap before
{Heap before GC invocations=63 (full 10):
 PSYoungGen      total 1046016K, used 835570K [0x0000000780000000, 0x00000007c2e80000, 0x0000000800000000)
  eden space 997888K, 83% used [0x0000000780000000,0x00000007b2ffcb78,0x00000007bce80000)
  from space 48128K, 0% used [0x00000007bff80000,0x00000007bff80000,0x00000007c2e80000)
  to   space 49152K, 0% used [0x00000007bce80000,0x00000007bce80000,0x00000007bfe80000)
 ParOldGen       total 323584K, used 210163K [0x0000000680000000, 0x0000000693c00000, 0x0000000780000000)
  object space 323584K, 64% used [0x0000000680000000,0x000000068cd3ce20,0x0000000693c00000)
 Metaspace       used 273311K, committed 276288K, reserved 1114112K
  class space    used 36956K, committed 38400K, reserved 851968K
}
Event: 410.498 GC heap after
{Heap after GC invocations=63 (full 10):
 PSYoungGen      total 1047040K, used 49128K [0x0000000780000000, 0x00000007c5b80000, 0x0000000800000000)
  eden space 997888K, 0% used [0x0000000780000000,0x0000000780000000,0x00000007bce80000)
  from space 49152K, 99% used [0x00000007bce80000,0x00000007bfe7a2a8,0x00000007bfe80000)
  to   space 72192K, 0% used [0x00000007c1500000,0x00000007c1500000,0x00000007c5b80000)
 ParOldGen       total 323584K, used 248636K [0x0000000680000000, 0x0000000693c00000, 0x0000000780000000)
  object space 323584K, 76% used [0x0000000680000000,0x000000068f2cf140,0x0000000693c00000)
 Metaspace       used 273311K, committed 276288K, reserved 1114112K
  class space    used 36956K, committed 38400K, reserved 851968K
}
Event: 410.498 GC heap before
{Heap before GC invocations=64 (full 11):
 PSYoungGen      total 1047040K, used 49128K [0x0000000780000000, 0x00000007c5b80000, 0x0000000800000000)
  eden space 997888K, 0% used [0x0000000780000000,0x0000000780000000,0x00000007bce80000)
  from space 49152K, 99% used [0x00000007bce80000,0x00000007bfe7a2a8,0x00000007bfe80000)
  to   space 72192K, 0% used [0x00000007c1500000,0x00000007c1500000,0x00000007c5b80000)
 ParOldGen       total 323584K, used 248636K [0x0000000680000000, 0x0000000693c00000, 0x0000000780000000)
  object space 323584K, 76% used [0x0000000680000000,0x000000068f2cf140,0x0000000693c00000)
 Metaspace       used 273311K, committed 276288K, reserved 1114112K
  class space    used 36956K, committed 38400K, reserved 851968K
}
Event: 412.093 GC heap after
{Heap after GC invocations=64 (full 11):
 PSYoungGen      total 1047040K, used 0K [0x0000000780000000, 0x00000007c5b80000, 0x0000000800000000)
  eden space 997888K, 0% used [0x0000000780000000,0x0000000780000000,0x00000007bce80000)
  from space 49152K, 0% used [0x00000007bce80000,0x00000007bce80000,0x00000007bfe80000)
  to   space 72192K, 0% used [0x00000007c1500000,0x00000007c1500000,0x00000007c5b80000)
 ParOldGen       total 323584K, used 262559K [0x0000000680000000, 0x0000000693c00000, 0x0000000780000000)
  object space 323584K, 81% used [0x0000000680000000,0x0000000690067f48,0x0000000693c00000)
 Metaspace       used 273301K, committed 276288K, reserved 1114112K
  class space    used 36954K, committed 38400K, reserved 851968K
}
Event: 415.889 GC heap before
{Heap before GC invocations=65 (full 11):
 PSYoungGen      total 1047040K, used 213833K [0x0000000780000000, 0x00000007c5b80000, 0x0000000800000000)
  eden space 997888K, 21% used [0x0000000780000000,0x000000078d0d2458,0x00000007bce80000)
  from space 49152K, 0% used [0x00000007bce80000,0x00000007bce80000,0x00000007bfe80000)
  to   space 72192K, 0% used [0x00000007c1500000,0x00000007c1500000,0x00000007c5b80000)
 ParOldGen       total 323584K, used 262559K [0x0000000680000000, 0x0000000693c00000, 0x0000000780000000)
  object space 323584K, 81% used [0x0000000680000000,0x0000000690067f48,0x0000000693c00000)
 Metaspace       used 280288K, committed 283264K, reserved 1114112K
  class space    used 37737K, committed 39168K, reserved 851968K
}
Event: 415.914 GC heap after
{Heap after GC invocations=65 (full 11):
 PSYoungGen      total 1068544K, used 39852K [0x0000000780000000, 0x00000007c5e80000, 0x0000000800000000)
  eden space 996352K, 0% used [0x0000000780000000,0x0000000780000000,0x00000007bcd00000)
  from space 72192K, 55% used [0x00000007c1500000,0x00000007c3beb1b0,0x00000007c5b80000)
  to   space 73728K, 0% used [0x00000007bcd00000,0x00000007bcd00000,0x00000007c1500000)
 ParOldGen       total 323584K, used 262567K [0x0000000680000000, 0x0000000693c00000, 0x0000000780000000)
  object space 323584K, 81% used [0x0000000680000000,0x0000000690069f48,0x0000000693c00000)
 Metaspace       used 280288K, committed 283264K, reserved 1114112K
  class space    used 37737K, committed 39168K, reserved 851968K
}
Event: 415.914 GC heap before
{Heap before GC invocations=66 (full 12):
 PSYoungGen      total 1068544K, used 39852K [0x0000000780000000, 0x00000007c5e80000, 0x0000000800000000)
  eden space 996352K, 0% used [0x0000000780000000,0x0000000780000000,0x00000007bcd00000)
  from space 72192K, 55% used [0x00000007c1500000,0x00000007c3beb1b0,0x00000007c5b80000)
  to   space 73728K, 0% used [0x00000007bcd00000,0x00000007bcd00000,0x00000007c1500000)
 ParOldGen       total 323584K, used 262567K [0x0000000680000000, 0x0000000693c00000, 0x0000000780000000)
  object space 323584K, 81% used [0x0000000680000000,0x0000000690069f48,0x0000000693c00000)
 Metaspace       used 280288K, committed 283264K, reserved 1114112K
  class space    used 37737K, committed 39168K, reserved 851968K
}
Event: 416.253 GC heap after
{Heap after GC invocations=66 (full 12):
 PSYoungGen      total 1068544K, used 0K [0x0000000780000000, 0x00000007c5e80000, 0x0000000800000000)
  eden space 996352K, 0% used [0x0000000780000000,0x0000000780000000,0x00000007bcd00000)
  from space 72192K, 0% used [0x00000007c1500000,0x00000007c1500000,0x00000007c5b80000)
  to   space 73728K, 0% used [0x00000007bcd00000,0x00000007bcd00000,0x00000007c1500000)
 ParOldGen       total 323584K, used 300713K [0x0000000680000000, 0x0000000693c00000, 0x0000000780000000)
  object space 323584K, 92% used [0x0000000680000000,0x00000006925aa4c0,0x0000000693c00000)
 Metaspace       used 280288K, committed 283264K, reserved 1114112K
  class space    used 37737K, committed 39168K, reserved 851968K
}
Event: 646.968 GC heap before
{Heap before GC invocations=67 (full 12):
 PSYoungGen      total 1068544K, used 996352K [0x0000000780000000, 0x00000007c5e80000, 0x0000000800000000)
  eden space 996352K, 100% used [0x0000000780000000,0x00000007bcd00000,0x00000007bcd00000)
  from space 72192K, 0% used [0x00000007c1500000,0x00000007c1500000,0x00000007c5b80000)
  to   space 73728K, 0% used [0x00000007bcd00000,0x00000007bcd00000,0x00000007c1500000)
 ParOldGen       total 323584K, used 300713K [0x0000000680000000, 0x0000000693c00000, 0x0000000780000000)
  object space 323584K, 92% used [0x0000000680000000,0x00000006925aa4c0,0x0000000693c00000)
 Metaspace       used 285044K, committed 288064K, reserved 1114112K
  class space    used 38136K, committed 39552K, reserved 851968K
}
Event: 647.147 GC heap after
{Heap after GC invocations=67 (full 12):
 PSYoungGen      total 972800K, used 24529K [0x0000000780000000, 0x00000007c2500000, 0x0000000800000000)
  eden space 948224K, 0% used [0x0000000780000000,0x0000000780000000,0x00000007b9e00000)
  from space 24576K, 99% used [0x00000007bcd00000,0x00000007be4f44a0,0x00000007be500000)
  to   space 65536K, 0% used [0x00000007be500000,0x00000007be500000,0x00000007c2500000)
 ParOldGen       total 323584K, used 300721K [0x0000000680000000, 0x0000000693c00000, 0x0000000780000000)
  object space 323584K, 92% used [0x0000000680000000,0x00000006925ac4c0,0x0000000693c00000)
 Metaspace       used 285044K, committed 288064K, reserved 1114112K
  class space    used 38136K, committed 39552K, reserved 851968K
}
Event: 647.980 GC heap before
{Heap before GC invocations=68 (full 12):
 PSYoungGen      total 972800K, used 99461K [0x0000000780000000, 0x00000007c2500000, 0x0000000800000000)
  eden space 948224K, 7% used [0x0000000780000000,0x000000078492cf70,0x00000007b9e00000)
  from space 24576K, 99% used [0x00000007bcd00000,0x00000007be4f44a0,0x00000007be500000)
  to   space 65536K, 0% used [0x00000007be500000,0x00000007be500000,0x00000007c2500000)
 ParOldGen       total 323584K, used 300721K [0x0000000680000000, 0x0000000693c00000, 0x0000000780000000)
  object space 323584K, 92% used [0x0000000680000000,0x00000006925ac4c0,0x0000000693c00000)
 Metaspace       used 285351K, committed 288384K, reserved 1114112K
  class space    used 38144K, committed 39616K, reserved 851968K
}
Event: 648.087 GC heap after
{Heap after GC invocations=68 (full 12):
 PSYoungGen      total 1009664K, used 9776K [0x0000000780000000, 0x00000007c2100000, 0x0000000800000000)
  eden space 948224K, 0% used [0x0000000780000000,0x0000000780000000,0x00000007b9e00000)
  from space 61440K, 15% used [0x00000007be500000,0x00000007bee8c020,0x00000007c2100000)
  to   space 67072K, 0% used [0x00000007b9e00000,0x00000007b9e00000,0x00000007bdf80000)
 ParOldGen       total 324096K, used 323936K [0x0000000680000000, 0x0000000693c80000, 0x0000000780000000)
  object space 324096K, 99% used [0x0000000680000000,0x0000000693c580e0,0x0000000693c80000)
 Metaspace       used 285351K, committed 288384K, reserved 1114112K
  class space    used 38144K, committed 39616K, reserved 851968K
}
Event: 648.087 GC heap before
{Heap before GC invocations=69 (full 13):
 PSYoungGen      total 1009664K, used 9776K [0x0000000780000000, 0x00000007c2100000, 0x0000000800000000)
  eden space 948224K, 0% used [0x0000000780000000,0x0000000780000000,0x00000007b9e00000)
  from space 61440K, 15% used [0x00000007be500000,0x00000007bee8c020,0x00000007c2100000)
  to   space 67072K, 0% used [0x00000007b9e00000,0x00000007b9e00000,0x00000007bdf80000)
 ParOldGen       total 324096K, used 323936K [0x0000000680000000, 0x0000000693c80000, 0x0000000780000000)
  object space 324096K, 99% used [0x0000000680000000,0x0000000693c580e0,0x0000000693c80000)
 Metaspace       used 285351K, committed 288384K, reserved 1114112K
  class space    used 38144K, committed 39616K, reserved 851968K
}
Event: 650.571 GC heap after
{Heap after GC invocations=69 (full 13):
 PSYoungGen      total 1009664K, used 0K [0x0000000780000000, 0x00000007c2100000, 0x0000000800000000)
  eden space 948224K, 0% used [0x0000000780000000,0x0000000780000000,0x00000007b9e00000)
  from space 61440K, 0% used [0x00000007be500000,0x00000007be500000,0x00000007c2100000)
  to   space 67072K, 0% used [0x00000007b9e00000,0x00000007b9e00000,0x00000007bdf80000)
 ParOldGen       total 324096K, used 196769K [0x0000000680000000, 0x0000000693c80000, 0x0000000780000000)
  object space 324096K, 60% used [0x0000000680000000,0x000000068c028740,0x0000000693c80000)
 Metaspace       used 275065K, committed 279232K, reserved 1114112K
  class space    used 36942K, committed 38656K, reserved 851968K
}
Event: 1119.012 GC heap before
{Heap before GC invocations=70 (full 13):
 PSYoungGen      total 1009664K, used 948224K [0x0000000780000000, 0x00000007c2100000, 0x0000000800000000)
  eden space 948224K, 100% used [0x0000000780000000,0x00000007b9e00000,0x00000007b9e00000)
  from space 61440K, 0% used [0x00000007be500000,0x00000007be500000,0x00000007c2100000)
  to   space 67072K, 0% used [0x00000007b9e00000,0x00000007b9e00000,0x00000007bdf80000)
 ParOldGen       total 324096K, used 196769K [0x0000000680000000, 0x0000000693c80000, 0x0000000780000000)
  object space 324096K, 60% used [0x0000000680000000,0x000000068c028740,0x0000000693c80000)
 Metaspace       used 279889K, committed 282944K, reserved 1114112K
  class space    used 37454K, committed 38912K, reserved 851968K
}
Event: 1119.232 GC heap after
{Heap after GC invocations=70 (full 13):
 PSYoungGen      total 1015296K, used 67044K [0x0000000780000000, 0x00000007d1300000, 0x0000000800000000)
  eden space 948224K, 0% used [0x0000000780000000,0x0000000780000000,0x00000007b9e00000)
  from space 67072K, 99% used [0x00000007b9e00000,0x00000007bdf792c8,0x00000007bdf80000)
  to   space 86528K, 0% used [0x00000007cbe80000,0x00000007cbe80000,0x00000007d1300000)
 ParOldGen       total 324096K, used 217010K [0x0000000680000000, 0x0000000693c80000, 0x0000000780000000)
  object space 324096K, 66% used [0x0000000680000000,0x000000068d3ecb48,0x0000000693c80000)
 Metaspace       used 279889K, committed 282944K, reserved 1114112K
  class space    used 37454K, committed 38912K, reserved 851968K
}
Event: 1131.575 GC heap before
{Heap before GC invocations=71 (full 13):
 PSYoungGen      total 1015296K, used 381682K [0x0000000780000000, 0x00000007d1300000, 0x0000000800000000)
  eden space 948224K, 33% used [0x0000000780000000,0x0000000793343780,0x00000007b9e00000)
  from space 67072K, 99% used [0x00000007b9e00000,0x00000007bdf792c8,0x00000007bdf80000)
  to   space 86528K, 0% used [0x00000007cbe80000,0x00000007cbe80000,0x00000007d1300000)
 ParOldGen       total 324096K, used 217010K [0x0000000680000000, 0x0000000693c80000, 0x0000000780000000)
  object space 324096K, 66% used [0x0000000680000000,0x000000068d3ecb48,0x0000000693c80000)
 Metaspace       used 285005K, committed 288064K, reserved 1114112K
  class space    used 37981K, committed 39424K, reserved 851968K
}
Event: 1131.829 GC heap after
{Heap after GC invocations=71 (full 13):
 PSYoungGen      total 1235456K, used 67366K [0x0000000780000000, 0x00000007d2300000, 0x0000000800000000)
  eden space 1148928K, 0% used [0x0000000780000000,0x0000000780000000,0x00000007c6200000)
  from space 86528K, 77% used [0x00000007cbe80000,0x00000007d00499b8,0x00000007d1300000)
  to   space 94720K, 0% used [0x00000007c6200000,0x00000007c6200000,0x00000007cbe80000)
 ParOldGen       total 324096K, used 283419K [0x0000000680000000, 0x0000000693c80000, 0x0000000780000000)
  object space 324096K, 87% used [0x0000000680000000,0x00000006914c6ed8,0x0000000693c80000)
 Metaspace       used 285005K, committed 288064K, reserved 1114112K
  class space    used 37981K, committed 39424K, reserved 851968K
}
Event: 1131.829 GC heap before
{Heap before GC invocations=72 (full 14):
 PSYoungGen      total 1235456K, used 67366K [0x0000000780000000, 0x00000007d2300000, 0x0000000800000000)
  eden space 1148928K, 0% used [0x0000000780000000,0x0000000780000000,0x00000007c6200000)
  from space 86528K, 77% used [0x00000007cbe80000,0x00000007d00499b8,0x00000007d1300000)
  to   space 94720K, 0% used [0x00000007c6200000,0x00000007c6200000,0x00000007cbe80000)
 ParOldGen       total 324096K, used 283419K [0x0000000680000000, 0x0000000693c80000, 0x0000000780000000)
  object space 324096K, 87% used [0x0000000680000000,0x00000006914c6ed8,0x0000000693c80000)
 Metaspace       used 285005K, committed 288064K, reserved 1114112K
  class space    used 37981K, committed 39424K, reserved 851968K
}
Event: 1133.606 GC heap after
{Heap after GC invocations=72 (full 14):
 PSYoungGen      total 1235456K, used 0K [0x0000000780000000, 0x00000007d2300000, 0x0000000800000000)
  eden space 1148928K, 0% used [0x0000000780000000,0x0000000780000000,0x00000007c6200000)
  from space 86528K, 0% used [0x00000007cbe80000,0x00000007cbe80000,0x00000007d1300000)
  to   space 94720K, 0% used [0x00000007c6200000,0x00000007c6200000,0x00000007cbe80000)
 ParOldGen       total 324096K, used 308379K [0x0000000680000000, 0x0000000693c80000, 0x0000000780000000)
  object space 324096K, 95% used [0x0000000680000000,0x0000000692d26f48,0x0000000693c80000)
 Metaspace       used 284993K, committed 288064K, reserved 1114112K
  class space    used 37978K, committed 39424K, reserved 851968K
}

