# JRE version: OpenJDK Runtime Environment (21.0.10) (build 21.0.10+-14961533-b1163.108)
# Java VM: OpenJDK 64-Bit Server VM (21.0.10+-14961533-b1163.108, mixed mode, tiered, compressed oops, compressed class ptrs, parallel gc, windows-amd64)
GC Precious Log:
 CardTable entry size: 512
 CPUs: 24 total, 24 available
 Memory: 8033M
 Large Page Support: Disabled
 NUMA Support: Disabled
 Compressed Oops: Enabled (Zero based)
 Alignments: Space 512K, Generation 512K, Heap 2M
 Heap Min Capacity: 8M
 Heap Initial Capacity: 126M
 Heap Max Capacity: 6G
 Pre-touch: Disabled
 Parallel Workers: 18
Heap:
 PSYoungGen      total 2003456K, used 657735K [0x0000000780000000, 0x0000000800000000, 0x0000000800000000)
  eden space 1913344K, 33% used [0x0000000780000000,0x00000007a79ac4f8,0x00000007f4c80000)
  from space 90112K, 9% used [0x00000007fa380000,0x00000007fac25878,0x00000007ffb80000)
  to   space 89088K, 0% used [0x00000007f4c80000,0x00000007f4c80000,0x00000007fa380000)
 ParOldGen       total 967168K, used 966681K [0x0000000680000000, 0x00000006bb080000, 0x0000000780000000)
  object space 967168K, 99% used [0x0000000680000000,0x00000006bb006450,0x00000006bb080000)
 Metaspace       used 213954K, committed 216768K, reserved 1048576K
  class space    used 29799K, committed 31168K, reserved 851968K
GC Heap History (20 events):
Event: 132.586 GC heap before
{Heap before GC invocations=64 (full 5):
 PSYoungGen      total 2022400K, used 1992040K [0x0000000780000000, 0x00000007ffe80000, 0x0000000800000000)
  eden space 1952256K, 100% used [0x0000000780000000,0x00000007f7280000,0x00000007f7280000)
  from space 70144K, 56% used [0x00000007fba00000,0x00000007fe0da1c8,0x00000007ffe80000)
  to   space 71680K, 0% used [0x00000007f7280000,0x00000007f7280000,0x00000007fb880000)
 ParOldGen       total 626176K, used 625805K [0x0000000680000000, 0x00000006a6380000, 0x0000000780000000)
  object space 626176K, 99% used [0x0000000680000000,0x00000006a6323620,0x00000006a6380000)
 Metaspace       used 210256K, committed 212992K, reserved 1048576K
  class space    used 29294K, committed 30592K, reserved 851968K
}
Event: 132.646 GC heap after
{Heap after GC invocations=64 (full 5):
 PSYoungGen      total 1999872K, used 47343K [0x0000000780000000, 0x0000000800000000, 0x0000000800000000)
  eden space 1952256K, 0% used [0x0000000780000000,0x0000000780000000,0x00000007f7280000)
  from space 47616K, 99% used [0x00000007f7280000,0x00000007fa0bbd58,0x00000007fa100000)
  to   space 74752K, 0% used [0x00000007fb700000,0x00000007fb700000,0x0000000800000000)
 ParOldGen       total 653824K, used 653637K [0x0000000680000000, 0x00000006a7e80000, 0x0000000780000000)
  object space 653824K, 99% used [0x0000000680000000,0x00000006a7e51710,0x00000006a7e80000)
 Metaspace       used 210256K, committed 212992K, reserved 1048576K
  class space    used 29294K, committed 30592K, reserved 851968K
}
Event: 133.828 GC heap before
{Heap before GC invocations=65 (full 5):
 PSYoungGen      total 1999872K, used 1999599K [0x0000000780000000, 0x0000000800000000, 0x0000000800000000)
  eden space 1952256K, 100% used [0x0000000780000000,0x00000007f7280000,0x00000007f7280000)
  from space 47616K, 99% used [0x00000007f7280000,0x00000007fa0bbd58,0x00000007fa100000)
  to   space 74752K, 0% used [0x00000007fb700000,0x00000007fb700000,0x0000000800000000)
 ParOldGen       total 653824K, used 653637K [0x0000000680000000, 0x00000006a7e80000, 0x0000000780000000)
  object space 653824K, 99% used [0x0000000680000000,0x00000006a7e51710,0x00000006a7e80000)
 Metaspace       used 212228K, committed 214976K, reserved 1048576K
  class space    used 29518K, committed 30848K, reserved 851968K
}
Event: 133.887 GC heap after
{Heap after GC invocations=65 (full 5):
 PSYoungGen      total 2014208K, used 53318K [0x0000000780000000, 0x0000000800000000, 0x0000000800000000)
  eden space 1939456K, 0% used [0x0000000780000000,0x0000000780000000,0x00000007f6600000)
  from space 74752K, 71% used [0x00000007fb700000,0x00000007feb11a60,0x0000000800000000)
  to   space 78848K, 0% used [0x00000007f6600000,0x00000007f6600000,0x00000007fb300000)
 ParOldGen       total 689152K, used 688903K [0x0000000680000000, 0x00000006aa100000, 0x0000000780000000)
  object space 689152K, 99% used [0x0000000680000000,0x00000006aa0c1f28,0x00000006aa100000)
 Metaspace       used 212228K, committed 214976K, reserved 1048576K
  class space    used 29518K, committed 30848K, reserved 851968K
}
Event: 135.922 GC heap before
{Heap before GC invocations=66 (full 5):
 PSYoungGen      total 2014208K, used 1992774K [0x0000000780000000, 0x0000000800000000, 0x0000000800000000)
  eden space 1939456K, 100% used [0x0000000780000000,0x00000007f6600000,0x00000007f6600000)
  from space 74752K, 71% used [0x00000007fb700000,0x00000007feb11a60,0x0000000800000000)
  to   space 78848K, 0% used [0x00000007f6600000,0x00000007f6600000,0x00000007fb300000)
 ParOldGen       total 689152K, used 688903K [0x0000000680000000, 0x00000006aa100000, 0x0000000780000000)
  object space 689152K, 99% used [0x0000000680000000,0x00000006aa0c1f28,0x00000006aa100000)
 Metaspace       used 212886K, committed 215552K, reserved 1048576K
  class space    used 29631K, committed 30912K, reserved 851968K
}
Event: 135.989 GC heap after
{Heap after GC invocations=66 (full 5):
 PSYoungGen      total 2018304K, used 5918K [0x0000000780000000, 0x0000000800000000, 0x0000000800000000)
  eden space 1939456K, 0% used [0x0000000780000000,0x0000000780000000,0x00000007f6600000)
  from space 78848K, 7% used [0x00000007f6600000,0x00000007f6bc7a30,0x00000007fb300000)
  to   space 78848K, 0% used [0x00000007fb300000,0x00000007fb300000,0x0000000800000000)
 ParOldGen       total 738816K, used 738376K [0x0000000680000000, 0x00000006ad180000, 0x0000000780000000)
  object space 738816K, 99% used [0x0000000680000000,0x00000006ad1120e0,0x00000006ad180000)
 Metaspace       used 212886K, committed 215552K, reserved 1048576K
  class space    used 29631K, committed 30912K, reserved 851968K
}
Event: 153.933 GC heap before
{Heap before GC invocations=67 (full 5):
 PSYoungGen      total 2018304K, used 1945374K [0x0000000780000000, 0x0000000800000000, 0x0000000800000000)
  eden space 1939456K, 100% used [0x0000000780000000,0x00000007f6600000,0x00000007f6600000)
  from space 78848K, 7% used [0x00000007f6600000,0x00000007f6bc7a30,0x00000007fb300000)
  to   space 78848K, 0% used [0x00000007fb300000,0x00000007fb300000,0x0000000800000000)
 ParOldGen       total 738816K, used 738376K [0x0000000680000000, 0x00000006ad180000, 0x0000000780000000)
  object space 738816K, 99% used [0x0000000680000000,0x00000006ad1120e0,0x00000006ad180000)
 Metaspace       used 212894K, committed 215552K, reserved 1048576K
  class space    used 29631K, committed 30912K, reserved 851968K
}
Event: 154.031 GC heap after
{Heap after GC invocations=67 (full 5):
 PSYoungGen      total 2000896K, used 66402K [0x0000000780000000, 0x0000000800000000, 0x0000000800000000)
  eden space 1922048K, 0% used [0x0000000780000000,0x0000000780000000,0x00000007f5500000)
  from space 78848K, 84% used [0x00000007fb300000,0x00000007ff3d8af8,0x0000000800000000)
  to   space 87552K, 0% used [0x00000007f5500000,0x00000007f5500000,0x00000007faa80000)
 ParOldGen       total 743936K, used 743676K [0x0000000680000000, 0x00000006ad680000, 0x0000000780000000)
  object space 743936K, 99% used [0x0000000680000000,0x00000006ad63f1d8,0x00000006ad680000)
 Metaspace       used 212894K, committed 215552K, reserved 1048576K
  class space    used 29631K, committed 30912K, reserved 851968K
}
Event: 163.331 GC heap before
{Heap before GC invocations=68 (full 5):
 PSYoungGen      total 2000896K, used 1988450K [0x0000000780000000, 0x0000000800000000, 0x0000000800000000)
  eden space 1922048K, 100% used [0x0000000780000000,0x00000007f5500000,0x00000007f5500000)
  from space 78848K, 84% used [0x00000007fb300000,0x00000007ff3d8af8,0x0000000800000000)
  to   space 87552K, 0% used [0x00000007f5500000,0x00000007f5500000,0x00000007faa80000)
 ParOldGen       total 743936K, used 743676K [0x0000000680000000, 0x00000006ad680000, 0x0000000780000000)
  object space 743936K, 99% used [0x0000000680000000,0x00000006ad63f1d8,0x00000006ad680000)
 Metaspace       used 213236K, committed 216064K, reserved 1048576K
  class space    used 29678K, committed 31040K, reserved 851968K
}
Event: 163.380 GC heap after
{Heap after GC invocations=68 (full 5):
 PSYoungGen      total 2009600K, used 16953K [0x0000000780000000, 0x0000000800000000, 0x0000000800000000)
  eden space 1922048K, 0% used [0x0000000780000000,0x0000000780000000,0x00000007f5500000)
  from space 87552K, 19% used [0x00000007f5500000,0x00000007f658e438,0x00000007faa80000)
  to   space 84992K, 0% used [0x00000007fad00000,0x00000007fad00000,0x0000000800000000)
 ParOldGen       total 797696K, used 797372K [0x0000000680000000, 0x00000006b0b00000, 0x0000000780000000)
  object space 797696K, 99% used [0x0000000680000000,0x00000006b0aaf078,0x00000006b0b00000)
 Metaspace       used 213236K, committed 216064K, reserved 1048576K
  class space    used 29678K, committed 31040K, reserved 851968K
}
Event: 164.933 GC heap before
{Heap before GC invocations=69 (full 5):
 PSYoungGen      total 2009600K, used 1939001K [0x0000000780000000, 0x0000000800000000, 0x0000000800000000)
  eden space 1922048K, 100% used [0x0000000780000000,0x00000007f5500000,0x00000007f5500000)
  from space 87552K, 19% used [0x00000007f5500000,0x00000007f658e438,0x00000007faa80000)
  to   space 84992K, 0% used [0x00000007fad00000,0x00000007fad00000,0x0000000800000000)
 ParOldGen       total 797696K, used 797372K [0x0000000680000000, 0x00000006b0b00000, 0x0000000780000000)
  object space 797696K, 99% used [0x0000000680000000,0x00000006b0aaf078,0x00000006b0b00000)
 Metaspace       used 213947K, committed 216768K, reserved 1048576K
  class space    used 29799K, committed 31168K, reserved 851968K
}
Event: 165.000 GC heap after
{Heap after GC invocations=69 (full 5):
 PSYoungGen      total 1999872K, used 63460K [0x0000000780000000, 0x0000000800000000, 0x0000000800000000)
  eden space 1914880K, 0% used [0x0000000780000000,0x0000000780000000,0x00000007f4e00000)
  from space 84992K, 74% used [0x00000007fad00000,0x00000007feaf93c8,0x0000000800000000)
  to   space 91136K, 0% used [0x00000007f4e00000,0x00000007f4e00000,0x00000007fa700000)
 ParOldGen       total 806912K, used 806642K [0x0000000680000000, 0x00000006b1400000, 0x0000000780000000)
  object space 806912K, 99% used [0x0000000680000000,0x00000006b13bc9e8,0x00000006b1400000)
 Metaspace       used 213947K, committed 216768K, reserved 1048576K
  class space    used 29799K, committed 31168K, reserved 851968K
}
Event: 166.228 GC heap before
{Heap before GC invocations=70 (full 5):
 PSYoungGen      total 1999872K, used 1978340K [0x0000000780000000, 0x0000000800000000, 0x0000000800000000)
  eden space 1914880K, 100% used [0x0000000780000000,0x00000007f4e00000,0x00000007f4e00000)
  from space 84992K, 74% used [0x00000007fad00000,0x00000007feaf93c8,0x0000000800000000)
  to   space 91136K, 0% used [0x00000007f4e00000,0x00000007f4e00000,0x00000007fa700000)
 ParOldGen       total 806912K, used 806642K [0x0000000680000000, 0x00000006b1400000, 0x0000000780000000)
  object space 806912K, 99% used [0x0000000680000000,0x00000006b13bc9e8,0x00000006b1400000)
 Metaspace       used 213947K, committed 216768K, reserved 1048576K
  class space    used 29799K, committed 31168K, reserved 851968K
}
Event: 166.301 GC heap after
{Heap after GC invocations=70 (full 5):
 PSYoungGen      total 1968128K, used 53002K [0x0000000780000000, 0x0000000800000000, 0x0000000800000000)
  eden space 1914880K, 0% used [0x0000000780000000,0x0000000780000000,0x00000007f4e00000)
  from space 53248K, 99% used [0x00000007f4e00000,0x00000007f81c2b10,0x00000007f8200000)
  to   space 92672K, 0% used [0x00000007fa580000,0x00000007fa580000,0x0000000800000000)
 ParOldGen       total 861184K, used 860987K [0x0000000680000000, 0x00000006b4900000, 0x0000000780000000)
  object space 861184K, 99% used [0x0000000680000000,0x00000006b48cef38,0x00000006b4900000)
 Metaspace       used 213947K, committed 216768K, reserved 1048576K
  class space    used 29799K, committed 31168K, reserved 851968K
}
Event: 167.102 GC heap before
{Heap before GC invocations=71 (full 5):
 PSYoungGen      total 1968128K, used 1967882K [0x0000000780000000, 0x0000000800000000, 0x0000000800000000)
  eden space 1914880K, 100% used [0x0000000780000000,0x00000007f4e00000,0x00000007f4e00000)
  from space 53248K, 99% used [0x00000007f4e00000,0x00000007f81c2b10,0x00000007f8200000)
  to   space 92672K, 0% used [0x00000007fa580000,0x00000007fa580000,0x0000000800000000)
 ParOldGen       total 861184K, used 860987K [0x0000000680000000, 0x00000006b4900000, 0x0000000780000000)
  object space 861184K, 99% used [0x0000000680000000,0x00000006b48cef38,0x00000006b4900000)
 Metaspace       used 213951K, committed 216768K, reserved 1048576K
  class space    used 29799K, committed 31168K, reserved 851968K
}
Event: 167.175 GC heap after
{Heap after GC invocations=71 (full 5):
 PSYoungGen      total 2004992K, used 50828K [0x0000000780000000, 0x0000000800000000, 0x0000000800000000)
  eden space 1912320K, 0% used [0x0000000780000000,0x0000000780000000,0x00000007f4b80000)
  from space 92672K, 54% used [0x00000007fa580000,0x00000007fd7230d8,0x0000000800000000)
  to   space 92160K, 0% used [0x00000007f4b80000,0x00000007f4b80000,0x00000007fa580000)
 ParOldGen       total 902656K, used 902420K [0x0000000680000000, 0x00000006b7180000, 0x0000000780000000)
  object space 902656K, 99% used [0x0000000680000000,0x00000006b7145278,0x00000006b7180000)
 Metaspace       used 213951K, committed 216768K, reserved 1048576K
  class space    used 29799K, committed 31168K, reserved 851968K
}
Event: 168.136 GC heap before
{Heap before GC invocations=72 (full 5):
 PSYoungGen      total 2004992K, used 1963148K [0x0000000780000000, 0x0000000800000000, 0x0000000800000000)
  eden space 1912320K, 100% used [0x0000000780000000,0x00000007f4b80000,0x00000007f4b80000)
  from space 92672K, 54% used [0x00000007fa580000,0x00000007fd7230d8,0x0000000800000000)
  to   space 92160K, 0% used [0x00000007f4b80000,0x00000007f4b80000,0x00000007fa580000)
 ParOldGen       total 902656K, used 902420K [0x0000000680000000, 0x00000006b7180000, 0x0000000780000000)
  object space 902656K, 99% used [0x0000000680000000,0x00000006b7145278,0x00000006b7180000)
 Metaspace       used 213953K, committed 216768K, reserved 1048576K
  class space    used 29799K, committed 31168K, reserved 851968K
}
Event: 168.193 GC heap after
{Heap after GC invocations=72 (full 5):
 PSYoungGen      total 1931776K, used 19120K [0x0000000780000000, 0x00000007ffb80000, 0x0000000800000000)
  eden space 1912320K, 0% used [0x0000000780000000,0x0000000780000000,0x00000007f4b80000)
  from space 19456K, 98% used [0x00000007f4b80000,0x00000007f5e2c020,0x00000007f5e80000)
  to   space 90112K, 0% used [0x00000007fa380000,0x00000007fa380000,0x00000007ffb80000)
 ParOldGen       total 949760K, used 949362K [0x0000000680000000, 0x00000006b9f80000, 0x0000000780000000)
  object space 949760K, 99% used [0x0000000680000000,0x00000006b9f1c980,0x00000006b9f80000)
 Metaspace       used 213953K, committed 216768K, reserved 1048576K
  class space    used 29799K, committed 31168K, reserved 851968K
}
Event: 175.402 GC heap before
{Heap before GC invocations=73 (full 5):
 PSYoungGen      total 1931776K, used 1931440K [0x0000000780000000, 0x00000007ffb80000, 0x0000000800000000)
  eden space 1912320K, 100% used [0x0000000780000000,0x00000007f4b80000,0x00000007f4b80000)
  from space 19456K, 98% used [0x00000007f4b80000,0x00000007f5e2c020,0x00000007f5e80000)
  to   space 90112K, 0% used [0x00000007fa380000,0x00000007fa380000,0x00000007ffb80000)
 ParOldGen       total 949760K, used 949362K [0x0000000680000000, 0x00000006b9f80000, 0x0000000780000000)
  object space 949760K, 99% used [0x0000000680000000,0x00000006b9f1c980,0x00000006b9f80000)
 Metaspace       used 213954K, committed 216768K, reserved 1048576K
  class space    used 29799K, committed 31168K, reserved 851968K
}
Event: 175.430 GC heap after
{Heap after GC invocations=73 (full 5):
 PSYoungGen      total 2003456K, used 8854K [0x0000000780000000, 0x0000000800000000, 0x0000000800000000)
  eden space 1913344K, 0% used [0x0000000780000000,0x0000000780000000,0x00000007f4c80000)
  from space 90112K, 9% used [0x00000007fa380000,0x00000007fac25878,0x00000007ffb80000)
  to   space 89088K, 0% used [0x00000007f4c80000,0x00000007f4c80000,0x00000007fa380000)
 ParOldGen       total 967168K, used 966681K [0x0000000680000000, 0x00000006bb080000, 0x0000000780000000)
  object space 967168K, 99% used [0x0000000680000000,0x00000006bb006450,0x00000006bb080000)
 Metaspace       used 213954K, committed 216768K, reserved 1048576K
  class space    used 29799K, committed 31168K, reserved 851968K
}

